[1;36m========-[ Execution output ]-========[0;37m
0:echo$
0:"POOMKUY"$

[1;35m============-[ Valgrind ]-============[0;37m
==448583== Memcheck, a memory error detector
==448583== Copyright (C) 2002-2022, and GNU GPL'd, by Julian Seward et al.
==448583== Using Valgrind-3.21.0 and LibVEX; rerun with -h for copyright info
==448583== Command: ./main.out -qs --leak-check=full
==448583== 
0:echo
0:"POOMKUY"
==448583== 
==448583== HEAP SUMMARY:
==448583==     in use at exit: 0 bytes in 0 blocks
==448583==   total heap usage: 39 allocs, 39 frees, 4,581 bytes allocated
==448583== 
==448583== All heap blocks were freed -- no leaks are possible
==448583== 
==448583== For lists of detected and suppressed errors, rerun with: -s
==448583== ERROR SUMMARY: 0 errors from 0 contexts (suppressed: 0 from 0)
[1;32m===========-[ Norm errors ]-==========[0;37m
./ft_realpath.c: Error!
Error: WRONG_SCOPE_COMMENT  (line:  66, col:   9):	Comment is invalid in this scope
./ft_getenv.c: Error!
Error: EMPTY_LINE_FILE_START (line:   1, col:   1):	Empty line at start of file
Error: INVALID_HEADER       (line:   1, col:   1):	Missing or invalid 42 header
Error: WRONG_SCOPE_COMMENT  (line:   8, col:   5):	Comment is invalid in this scope
Error: WRONG_SCOPE_COMMENT  (line:   9, col:   5):	Comment is invalid in this scope
./ft_unsetenv.c: Error!
Error: EMPTY_LINE_FILE_START (line:   1, col:   1):	Empty line at start of file
Error: INVALID_HEADER       (line:   1, col:   1):	Missing or invalid 42 header
Error: NO_ARGS_VOID         (line:   2, col:  21):	Empty function argument requires void
Error: WRONG_SCOPE_COMMENT  (line:   4, col:   5):	Comment is invalid in this scope
./ft_genenv.c: Error!
Error: EMPTY_LINE_FILE_START (line:   1, col:   1):	Empty line at start of file
Error: INVALID_HEADER       (line:   1, col:   1):	Missing or invalid 42 header
Error: WRONG_SCOPE_COMMENT  (line:   8, col:   5):	Comment is invalid in this scope
Error: EMPTY_LINE_FUNCTION  (line:   9, col:   1):	Empty line in function
Error: WRONG_SCOPE_COMMENT  (line:  23, col:   9):	Comment is invalid in this scope
Error: WRONG_SCOPE_COMMENT  (line:  25, col:   9):	Comment is invalid in this scope
./ft_initenv.c: Error!
Error: EMPTY_LINE_FILE_START (line:   1, col:   1):	Empty line at start of file
Error: INVALID_HEADER       (line:   1, col:   1):	Missing or invalid 42 header
./libminishell.h: Error!
Error: WRONG_SCOPE_COMMENT  (line:  28, col:   5):	Comment is invalid in this scope
Error: WRONG_SCOPE_COMMENT  (line:  30, col:   5):	Comment is invalid in this scope
Error: WRONG_SCOPE_COMMENT  (line:  32, col:   5):	Comment is invalid in this scope
Error: WRONG_SCOPE_COMMENT  (line:  37, col:   5):	Comment is invalid in this scope
./get_next_quote.c: Error!
Error: EMPTY_LINE_FILE_START (line:   1, col:   1):	Empty line at start of file
Error: INVALID_HEADER       (line:   1, col:   1):	Missing or invalid 42 header
Error: TOO_MANY_TAB         (line:  18, col:  25):	Extra tabs for indent level
Error: EMPTY_LINE_EOF       (line:  24, col:   1):	Empty line at end of file
./main.c: Error!
	[31mError: Unrecognized line (29, 58) while parsing line [<CONSTANT=0>, <COMMA>, <SPACE>, <IDENTIFIER=len>, <RPARENTHESIS>][0m
[1;32m======================================[0;37m
